Build started 3/5/2014 10:19:55 AM.
     1>Project "C:\Users\student\Desktop\AIE\GameEngine\OpenGL.vcxproj" on node 2 (build target(s)).
     1>InitializeBuildStatus:
         Touching "Debug\GameEngine.unsuccessfulbuild".
       ClCompile:
         C:\Program Files (x86)\Microsoft Visual Studio 10.0\VC\bin\CL.exe /c /ZI /nologo /W3 /WX- /Od /Oy- /D _MBCS /Gm /EHsc /RTC1 /MDd /GS /fp:precise /Zc:wchar_t /Zc:forScope /Fo"Debug\\" /Fd"Debug\vc100.pdb" /Gd /TP /analyze- /errorReport:prompt Main.cpp Objects.cpp Physics.cpp
         Objects.cpp
         Generating Code...
         Compiling...
         Physics.cpp
         Generating Code...
         Skipping... (no relevant changes detected)
         Main.cpp
       Link:
         C:\Program Files (x86)\Microsoft Visual Studio 10.0\VC\bin\link.exe /ERRORREPORT:PROMPT /OUT:"C:\Users\student\Desktop\AIE\GameEngine\Debug\GameEngine.exe" /NOLOGO glew32.lib glfw3dll.lib opengl32.lib SOIL.lib kernel32.lib user32.lib gdi32.lib winspool.lib comdlg32.lib advapi32.lib shell32.lib ole32.lib oleaut32.lib uuid.lib odbc32.lib odbccp32.lib /MANIFEST /ManifestFile:"Debug\GameEngine.exe.intermediate.manifest" /MANIFESTUAC:"level='asInvoker' uiAccess='false'" /DEBUG /PDB:"C:\Users\student\Desktop\AIE\GameEngine\Debug\GameEngine.pdb" /TLBID:1 /DYNAMICBASE /NXCOMPAT /IMPLIB:"C:\Users\student\Desktop\AIE\GameEngine\Debug\GameEngine.lib" /MACHINE:X86 Debug\GLLog.obj
         Debug\MathLibrary.obj
         Debug\Objects.obj
         Debug\Physics.obj
         Debug\Quad.obj
         Debug\Main.obj
         Debug\Sprite.obj
         Debug\TextFileReader.obj
         Debug\Utilities.obj
         LINK : C:\Users\student\Desktop\AIE\GameEngine\Debug\GameEngine.exe not found or not built by the last incremental link; performing full link
         OpenGL.vcxproj -> C:\Users\student\Desktop\AIE\GameEngine\Debug\GameEngine.exe
       Manifest:
         C:\Program Files (x86)\Microsoft SDKs\Windows\v7.0A\bin\mt.exe /nologo /verbose /outputresource:"C:\Users\student\Desktop\AIE\GameEngine\Debug\GameEngine.exe;#1" /manifest Debug\GameEngine.exe.intermediate.manifest
       FinalizeBuildStatus:
         Deleting file "Debug\GameEngine.unsuccessfulbuild".
         Touching "Debug\GameEngine.lastbuildstate".
     1>Done Building Project "C:\Users\student\Desktop\AIE\GameEngine\OpenGL.vcxproj" (build target(s)).

Build succeeded.

Time Elapsed 00:00:01.89
