Build started 9/17/2013 9:52:31 AM.
     1>Project "F:\AIE\Potter - Pong\Potter - Pong.vcxproj" on node 2 (build target(s)).
     1>InitializeBuildStatus:
         Creating "obj\Potter - Pong.unsuccessfulbuild" because "AlwaysCreate" was specified.
       ClCompile:
         C:\Program Files (x86)\Microsoft Visual Studio 10.0\VC\bin\CL.exe /c /I./ /I./include/ /ZI /nologo /W3 /WX- /Od /Oy- /D WIN32 /D _DEBUG /D _CONSOLE /D _MBCS /Gm /EHsc /RTC1 /MDd /GS /fp:precise /Zc:wchar_t /Zc:forScope /Fo"obj\\" /Fd"obj\vc100.pdb" /Gd /TP /analyze- /errorReport:prompt source\Functions.cpp
         Functions.cpp
     1>f:\aie\potter - pong\source\functions.cpp(57): warning C4244: 'initializing' : conversion from 'int' to 'float', possible loss of data
     1>f:\aie\potter - pong\source\functions.cpp(57): warning C4244: 'initializing' : conversion from 'int' to 'float', possible loss of data
     1>f:\aie\potter - pong\source\functions.cpp(57): warning C4305: 'initializing' : truncation from 'double' to 'float'
     1>f:\aie\potter - pong\source\functions.cpp(57): warning C4305: 'initializing' : truncation from 'double' to 'float'
     1>f:\aie\potter - pong\source\functions.cpp(136): warning C4244: 'initializing' : conversion from 'int' to 'float', possible loss of data
       Link:
         C:\Program Files (x86)\Microsoft Visual Studio 10.0\VC\bin\link.exe /ERRORREPORT:PROMPT /OUT:"bin\Potter - Pong_d.exe" /INCREMENTAL /NOLOGO /LIBPATH:./libs AIE_GL_Static_Framework_d.lib kernel32.lib kernel32.lib user32.lib gdi32.lib winspool.lib comdlg32.lib advapi32.lib shell32.lib ole32.lib oleaut32.lib uuid.lib odbc32.lib odbccp32.lib /MANIFEST /ManifestFile:"obj\Potter - Pong_d.exe.intermediate.manifest" /MANIFESTUAC:"level='asInvoker' uiAccess='false'" /DEBUG /PDB:"bin\Potter - Pong_d.pdb" /TLBID:1 /DYNAMICBASE /NXCOMPAT /IMPLIB:"bin\Potter - Pong_d.lib" /MACHINE:X86 obj\Functions.obj
         obj\main.obj
         Potter - Pong.vcxproj -> F:\AIE\Potter - Pong\bin\Potter - Pong_d.exe
       Manifest:
         C:\Program Files (x86)\Microsoft SDKs\Windows\v7.0A\bin\mt.exe /nologo /verbose /out:"F:\AIE\Potter - Pong\bin\Potter - Pong_d.exe.manifest" /manifest "obj\Potter - Pong_d.exe.intermediate.manifest"
       FinalizeBuildStatus:
         Deleting file "obj\Potter - Pong.unsuccessfulbuild".
         Touching "obj\Potter - Pong.lastbuildstate".
     1>Done Building Project "F:\AIE\Potter - Pong\Potter - Pong.vcxproj" (build target(s)).

Build succeeded.

Time Elapsed 00:00:03.12
