bin\ElectronSpaceFighter_d.pdb
F:\AIE\ELECTRONSPACEFIGHTER\BIN\ELECTRONSPACEFIGHTER.EXE.MANIFEST
F:\AIE\ELECTRONSPACEFIGHTER\BIN\ELECTRONSPACEFIGHTER_D.EXE.MANIFEST
F:\AIE\ElectronSpaceFighter\obj\cl.command.1.tlog
F:\AIE\ElectronSpaceFighter\obj\CL.read.1.tlog
F:\AIE\ElectronSpaceFighter\obj\CL.write.1.tlog
F:\AIE\ElectronSpaceFighter\obj\ElectronSpaceFighter.exe.intermediate.manifest
F:\AIE\ElectronSpaceFighter\obj\ElectronSpaceFighter_d.exe.intermediate.manifest
F:\AIE\ELECTRONSPACEFIGHTER\OBJ\FUNCTIONS.OBJ
F:\AIE\ElectronSpaceFighter\obj\link.3376.read.1.tlog
F:\AIE\ElectronSpaceFighter\obj\link.3376.write.1.tlog
F:\AIE\ElectronSpaceFighter\obj\link.4240.read.1.tlog
F:\AIE\ElectronSpaceFighter\obj\link.4240.write.1.tlog
F:\AIE\ElectronSpaceFighter\obj\link.5048.read.1.tlog
F:\AIE\ElectronSpaceFighter\obj\link.5048.write.1.tlog
F:\AIE\ElectronSpaceFighter\obj\link.5148.read.1.tlog
F:\AIE\ElectronSpaceFighter\obj\link.5148.write.1.tlog
F:\AIE\ElectronSpaceFighter\obj\link.5228.read.1.tlog
F:\AIE\ElectronSpaceFighter\obj\link.5228.write.1.tlog
F:\AIE\ElectronSpaceFighter\obj\link.5608.read.1.tlog
F:\AIE\ElectronSpaceFighter\obj\link.5608.write.1.tlog
F:\AIE\ElectronSpaceFighter\obj\link.5972.read.1.tlog
F:\AIE\ElectronSpaceFighter\obj\link.5972.write.1.tlog
F:\AIE\ElectronSpaceFighter\obj\link.6364.read.1.tlog
F:\AIE\ElectronSpaceFighter\obj\link.6364.write.1.tlog
F:\AIE\ElectronSpaceFighter\obj\link.7576.read.1.tlog
F:\AIE\ElectronSpaceFighter\obj\link.7576.write.1.tlog
F:\AIE\ElectronSpaceFighter\obj\link.command.1.tlog
F:\AIE\ElectronSpaceFighter\obj\link.read.1.tlog
F:\AIE\ElectronSpaceFighter\obj\link.write.1.tlog
F:\AIE\ELECTRONSPACEFIGHTER\OBJ\MAIN.OBJ
F:\AIE\ElectronSpaceFighter\obj\mt.command.1.tlog
F:\AIE\ElectronSpaceFighter\obj\mt.read.1.tlog
F:\AIE\ElectronSpaceFighter\obj\mt.write.1.tlog
F:\AIE\ELECTRONSPACEFIGHTER\OBJ\TIMER.OBJ
F:\AIE\ElectronSpaceFighter\obj\vc100.idb
F:\AIE\ELECTRONSPACEFIGHTER\OBJ\VC100.PDB
F:\AIE\ELECTRONSPACEFIGHTER\OBJ\VECTOR2D.OBJ
