f:\aie\opengl\opengl.cpp:24 starting GLFW 3.0.4 Win32 WGL VisualC DLL
f:\aie\opengl\opengl.cpp:24 starting GLFW 3.0.4 Win32 WGL VisualC DLL
f:\aie\opengl\opengl.cpp:36 starting GLFW 3.0.4 Win32 WGL VisualC DLL
f:\aie\opengl\opengl.cpp:36 starting GLFW 3.0.4 Win32 WGL VisualC DLL
f:\aie\opengl\opengl.cpp:52 starting GLFW 3.0.4 Win32 WGL VisualC DLL
f:\aie\opengl\opengl.cpp:52 starting GLFW 3.0.4 Win32 WGL VisualC DLL
f:\aie\opengl\opengl.cpp:52 starting GLFW 3.0.4 Win32 WGL VisualC DLL
f:\aie\opengl\opengl.cpp:52 starting GLFW 3.0.4 Win32 WGL VisualC DLL
f:\aie\opengl\opengl.cpp:52 starting GLFW 3.0.4 Win32 WGL VisualC DLL
f:\aie\opengl\opengl.cpp:50 starting GLFW 3.0.4 Win32 WGL VisualC DLL
f:\aie\opengl\opengl.cpp:50 starting GLFW 3.0.4 Win32 WGL VisualC DLL
f:\aie\opengl\opengl.cpp:50 starting GLFW 3.0.4 Win32 WGL VisualC DLL
f:\aie\opengl\opengl.cpp:50 starting GLFW 3.0.4 Win32 WGL VisualC DLL
f:\aie\opengl\opengl.cpp:50 starting GLFW 3.0.4 Win32 WGL VisualC DLL
f:\aie\opengl\opengl.cpp:50 starting GLFW 3.0.4 Win32 WGL VisualC DLL
f:\aie\opengl\opengl.cpp:50 starting GLFW 3.0.4 Win32 WGL VisualC DLL
f:\aie\opengl\opengl.cpp:50 starting GLFW 3.0.4 Win32 WGL VisualC DLL
f:\aie\opengl\opengl.cpp:50 starting GLFW 3.0.4 Win32 WGL VisualC DLL
f:\aie\opengl\opengl.cpp:50 starting GLFW 3.0.4 Win32 WGL VisualC DLL
f:\aie\opengl\opengl.cpp:50 starting GLFW 3.0.4 Win32 WGL VisualC DLL
f:\aie\opengl\opengl.cpp:50 starting GLFW 3.0.4 Win32 WGL VisualC DLL
f:\aie\opengl\opengl.cpp:50 starting GLFW 3.0.4 Win32 WGL VisualC DLL
f:\aie\opengl\opengl.cpp:50 starting GLFW 3.0.4 Win32 WGL VisualC DLL
f:\aie\opengl\opengl.cpp:50 starting GLFW 3.0.4 Win32 WGL VisualC DLL
f:\aie\opengl\opengl.cpp:50 starting GLFW 3.0.4 Win32 WGL VisualC DLL
f:\aie\opengl\opengl.cpp:51 starting GLFW 3.0.4 Win32 WGL VisualC DLL
f:\aie\opengl\opengl.cpp:51 starting GLFW 3.0.4 Win32 WGL VisualC DLL
f:\aie\opengl\opengl.cpp:51 starting GLFW 3.0.4 Win32 WGL VisualC DLL
f:\aie\opengl\opengl.cpp:51 starting GLFW 3.0.4 Win32 WGL VisualC DLL
f:\aie\opengl\opengl.cpp:51 starting GLFW 3.0.4 Win32 WGL VisualC DLL
f:\aie\opengl\opengl.cpp:51 starting GLFW 3.0.4 Win32 WGL VisualC DLL
f:\aie\opengl\opengl.cpp:51 starting GLFW 3.0.4 Win32 WGL VisualC DLL
f:\aie\opengl\opengl.cpp:51 starting GLFW 3.0.4 Win32 WGL VisualC DLL
f:\aie\opengl\opengl.cpp:51 starting GLFW 3.0.4 Win32 WGL VisualC DLL
f:\aie\opengl\opengl.cpp:51 starting GLFW 3.0.4 Win32 WGL VisualC DLL
f:\aie\opengl\opengl.cpp:51 starting GLFW 3.0.4 Win32 WGL VisualC DLL
f:\aie\opengl\opengl.cpp:51 starting GLFW 3.0.4 Win32 WGL VisualC DLL
f:\aie\opengl\opengl.cpp:51 starting GLFW 3.0.4 Win32 WGL VisualC DLL
f:\aie\opengl\opengl.cpp:51 starting GLFW 3.0.4 Win32 WGL VisualC DLL
f:\aie\opengl\opengl.cpp:51 starting GLFW 3.0.4 Win32 WGL VisualC DLL
f:\aie\opengl\opengl.cpp:51 starting GLFW 3.0.4 Win32 WGL VisualC DLL
f:\aie\opengl\opengl.cpp:51 starting GLFW 3.0.4 Win32 WGL VisualC DLL
f:\aie\opengl\opengl.cpp:51 starting GLFW 3.0.4 Win32 WGL VisualC DLL
f:\aie\opengl\opengl.cpp:51 starting GLFW 3.0.4 Win32 WGL VisualC DLL
f:\aie\opengl\opengl.cpp:51 starting GLFW 3.0.4 Win32 WGL VisualC DLL
f:\aie\opengl\opengl.cpp:51 starting GLFW 3.0.4 Win32 WGL VisualC DLL
f:\aie\opengl\opengl.cpp:51 starting GLFW 3.0.4 Win32 WGL VisualC DLL
f:\aie\opengl\opengl.cpp:51 starting GLFW 3.0.4 Win32 WGL VisualC DLL
f:\aie\opengl\opengl.cpp:51 starting GLFW 3.0.4 Win32 WGL VisualC DLL
f:\aie\opengl\opengl.cpp:51 starting GLFW 3.0.4 Win32 WGL VisualC DLL
f:\aie\opengl\opengl.cpp:51 starting GLFW 3.0.4 Win32 WGL VisualC DLL
f:\aie\opengl\opengl.cpp:51 starting GLFW 3.0.4 Win32 WGL VisualC DLL
f:\aie\opengl\opengl.cpp:51 starting GLFW 3.0.4 Win32 WGL VisualC DLL
f:\aie\opengl\opengl.cpp:51 starting GLFW 3.0.4 Win32 WGL VisualC DLL
f:\aie\opengl\opengl.cpp:51 starting GLFW 3.0.4 Win32 WGL VisualC DLL
f:\aie\opengl\opengl.cpp:51 starting GLFW 3.0.4 Win32 WGL VisualC DLL
f:\aie\opengl\opengl.cpp:51 starting GLFW 3.0.4 Win32 WGL VisualC DLL
f:\aie\opengl\opengl.cpp:51 starting GLFW 3.0.4 Win32 WGL VisualC DLL
f:\aie\opengl\opengl.cpp:51 starting GLFW 3.0.4 Win32 WGL VisualC DLL
f:\aie\opengl\opengl.cpp:51 starting GLFW 3.0.4 Win32 WGL VisualC DLL
f:\aie\opengl\opengl.cpp:51 starting GLFW 3.0.4 Win32 WGL VisualC DLL
f:\aie\opengl\opengl.cpp:51 starting GLFW 3.0.4 Win32 WGL VisualC DLL
f:\aie\opengl\opengl.cpp:51 starting GLFW 3.0.4 Win32 WGL VisualC DLL
f:\aie\opengl\opengl.cpp:51 starting GLFW 3.0.4 Win32 WGL VisualC DLL
f:\aie\opengl\opengl.cpp:51 starting GLFW 3.0.4 Win32 WGL VisualC DLL
f:\aie\opengl\opengl.cpp:51 starting GLFW 3.0.4 Win32 WGL VisualC DLL
f:\aie\opengl\opengl.cpp:51 starting GLFW 3.0.4 Win32 WGL VisualC DLL
f:\aie\opengl\opengl.cpp:51 starting GLFW 3.0.4 Win32 WGL VisualC DLL
f:\aie\opengl\opengl.cpp:51 starting GLFW 3.0.4 Win32 WGL VisualC DLL
f:\aie\opengl\opengl.cpp:51 starting GLFW 3.0.4 Win32 WGL VisualC DLL
f:\aie\opengl\opengl.cpp:51 starting GLFW 3.0.4 Win32 WGL VisualC DLL
f:\aie\opengl\opengl.cpp:51 starting GLFW 3.0.4 Win32 WGL VisualC DLL
f:\aie\opengl\opengl.cpp:51 starting GLFW 3.0.4 Win32 WGL VisualC DLL
f:\aie\opengl\opengl.cpp:51 starting GLFW 3.0.4 Win32 WGL VisualC DLL
f:\aie\opengl\opengl.cpp:51 starting GLFW 3.0.4 Win32 WGL VisualC DLL
f:\aie\opengl\opengl.cpp:51 starting GLFW 3.0.4 Win32 WGL VisualC DLL
f:\aie\opengl\opengl.cpp:51 starting GLFW 3.0.4 Win32 WGL VisualC DLL
f:\aie\opengl\opengl.cpp:51 starting GLFW 3.0.4 Win32 WGL VisualC DLL
f:\aie\opengl\opengl.cpp:51 starting GLFW 3.0.4 Win32 WGL VisualC DLL
f:\aie\opengl\opengl.cpp:51 starting GLFW 3.0.4 Win32 WGL VisualC DLL
f:\aie\opengl\opengl.cpp:51 starting GLFW 3.0.4 Win32 WGL VisualC DLL
f:\aie\opengl\opengl.cpp:51 starting GLFW 3.0.4 Win32 WGL VisualC DLL
f:\aie\opengl\opengl.cpp:51 starting GLFW 3.0.4 Win32 WGL VisualC DLL
f:\aie\opengl\opengl.cpp:51 starting GLFW 3.0.4 Win32 WGL VisualC DLL
f:\aie\opengl\opengl.cpp:51 starting GLFW 3.0.4 Win32 WGL VisualC DLL
f:\aie\opengl\opengl.cpp:51 starting GLFW 3.0.4 Win32 WGL VisualC DLL
f:\aie\opengl\opengl.cpp:51 starting GLFW 3.0.4 Win32 WGL VisualC DLL
f:\aie\opengl\opengl.cpp:51 starting GLFW 3.0.4 Win32 WGL VisualC DLL
c:\users\student\desktop\aie\opengl\opengl.cpp:51 starting GLFW 3.0.4 Win32 WGL VisualC DLL
c:\users\student\desktop\aie\opengl\opengl.cpp:51 starting GLFW 3.0.4 Win32 WGL VisualC DLL
c:\users\student\desktop\aie\opengl\opengl.cpp:51 starting GLFW 3.0.4 Win32 WGL VisualC DLL
c:\users\student\desktop\aie\opengl\opengl.cpp:51 starting GLFW 3.0.4 Win32 WGL VisualC DLL
c:\users\student\desktop\aie\opengl\main:51 starting GLFW 3.0.4 Win32 WGL VisualC DLL
c:\users\student\desktop\aie\opengl\main.cpp:51 starting GLFW 3.0.4 Win32 WGL VisualC DLL
c:\users\student\desktop\aie\opengl\main.cpp:51 starting GLFW 3.0.4 Win32 WGL VisualC DLL
c:\users\student\desktop\aie\opengl\main.cpp:51 starting GLFW 3.0.4 Win32 WGL VisualC DLL
c:\users\student\desktop\aie\opengl\main.cpp:51 starting GLFW 3.0.4 Win32 WGL VisualC DLL
c:\users\student\desktop\aie\opengl\main.cpp:51 starting GLFW 3.0.4 Win32 WGL VisualC DLL
c:\users\student\desktop\aie\opengl\main.cpp:51 starting GLFW 3.0.4 Win32 WGL VisualC DLL
c:\users\student\desktop\aie\opengl\main.cpp:51 starting GLFW 3.0.4 Win32 WGL VisualC DLL
c:\users\student\desktop\aie\opengl\main.cpp:51 starting GLFW 3.0.4 Win32 WGL VisualC DLL
c:\users\student\desktop\aie\opengl\main.cpp:51 starting GLFW 3.0.4 Win32 WGL VisualC DLL
c:\users\student\desktop\aie\opengl\main.cpp:51 starting GLFW 3.0.4 Win32 WGL VisualC DLL
c:\users\student\desktop\aie\opengl\main.cpp:51 starting GLFW 3.0.4 Win32 WGL VisualC DLL
c:\users\student\desktop\aie\opengl\main.cpp:51 starting GLFW 3.0.4 Win32 WGL VisualC DLL
c:\users\student\desktop\aie\opengl\main.cpp:51 starting GLFW 3.0.4 Win32 WGL VisualC DLL
c:\users\student\desktop\aie\opengl\main.cpp:51 starting GLFW 3.0.4 Win32 WGL VisualC DLL
c:\users\student\desktop\aie\opengl\main.cpp:51 starting GLFW 3.0.4 Win32 WGL VisualC DLL
c:\users\student\desktop\aie\opengl\main.cpp:51 starting GLFW 3.0.4 Win32 WGL VisualC DLL
c:\users\student\desktop\aie\opengl\main.cpp:51 starting GLFW 3.0.4 Win32 WGL VisualC DLL
c:\users\student\desktop\aie\opengl\main.cpp:51 starting GLFW 3.0.4 Win32 WGL VisualC DLL
c:\users\student\desktop\aie\opengl\main.cpp:40 starting GLFW 3.0.4 Win32 WGL VisualC DLL
c:\users\student\desktop\aie\opengl\main.cpp:40 starting GLFW 3.0.4 Win32 WGL VisualC DLL
c:\users\student\desktop\aie\opengl\main.cpp:40 starting GLFW 3.0.4 Win32 WGL VisualC DLL
c:\users\student\desktop\aie\opengl\main.cpp:40 starting GLFW 3.0.4 Win32 WGL VisualC DLL
c:\users\student\desktop\aie\opengl\main.cpp:40 starting GLFW 3.0.4 Win32 WGL VisualC DLL
c:\users\student\desktop\aie\opengl\main.cpp:40 starting GLFW 3.0.4 Win32 WGL VisualC DLL
c:\users\student\desktop\aie\opengl\main.cpp:40 starting GLFW 3.0.4 Win32 WGL VisualC DLL
c:\users\student\desktop\aie\opengl\main.cpp:40 starting GLFW 3.0.4 Win32 WGL VisualC DLL
c:\users\student\desktop\aie\opengl\main.cpp:40 starting GLFW 3.0.4 Win32 WGL VisualC DLL
c:\users\student\desktop\aie\opengl\main.cpp:40 starting GLFW 3.0.4 Win32 WGL VisualC DLL
c:\users\student\desktop\aie\opengl\main.cpp:40 starting GLFW 3.0.4 Win32 WGL VisualC DLL
c:\users\student\desktop\aie\opengl\main.cpp:40 starting GLFW 3.0.4 Win32 WGL VisualC DLL
c:\users\student\desktop\aie\opengl\main.cpp:40 starting GLFW 3.0.4 Win32 WGL VisualC DLL
c:\users\student\desktop\aie\opengl\main.cpp:40 starting GLFW 3.0.4 Win32 WGL VisualC DLL
c:\users\student\desktop\aie\opengl\main.cpp:40 starting GLFW 3.0.4 Win32 WGL VisualC DLL
c:\users\student\desktop\aie\opengl\main.cpp:40 starting GLFW 3.0.4 Win32 WGL VisualC DLL
c:\users\student\desktop\aie\opengl\main.cpp:40 starting GLFW 3.0.4 Win32 WGL VisualC DLL
c:\users\student\desktop\aie\opengl\main.cpp:40 starting GLFW 3.0.4 Win32 WGL VisualC DLL
c:\users\student\desktop\aie\opengl\main.cpp:40 starting GLFW 3.0.4 Win32 WGL VisualC DLL
c:\users\student\desktop\aie\opengl\main.cpp:40 starting GLFW 3.0.4 Win32 WGL VisualC DLL
c:\users\student\desktop\aie\opengl\main.cpp:40 starting GLFW 3.0.4 Win32 WGL VisualC DLL
c:\users\student\desktop\aie\opengl\main.cpp:40 starting GLFW 3.0.4 Win32 WGL VisualC DLL
c:\users\student\desktop\aie\opengl\main.cpp:40 starting GLFW 3.0.4 Win32 WGL VisualC DLL
c:\users\student\desktop\aie\opengl\main.cpp:40 starting GLFW 3.0.4 Win32 WGL VisualC DLL
c:\users\student\desktop\aie\opengl\main.cpp:40 starting GLFW 3.0.4 Win32 WGL VisualC DLL
c:\users\student\desktop\aie\opengl\main.cpp:40 starting GLFW 3.0.4 Win32 WGL VisualC DLL
c:\users\student\desktop\aie\opengl\main.cpp:40 starting GLFW 3.0.4 Win32 WGL VisualC DLL
c:\users\student\desktop\aie\opengl\main.cpp:40 starting GLFW 3.0.4 Win32 WGL VisualC DLL
c:\users\student\desktop\aie\opengl\main.cpp:40 starting GLFW 3.0.4 Win32 WGL VisualC DLL
c:\users\student\desktop\aie\opengl\main.cpp:40 starting GLFW 3.0.4 Win32 WGL VisualC DLL
c:\users\student\desktop\aie\opengl\main.cpp:40 starting GLFW 3.0.4 Win32 WGL VisualC DLL
c:\users\student\desktop\aie\opengl\main.cpp:40 starting GLFW 3.0.4 Win32 WGL VisualC DLL
c:\users\student\desktop\aie\opengl\main.cpp:40 starting GLFW 3.0.4 Win32 WGL VisualC DLL
c:\users\student\desktop\aie\opengl\main.cpp:40 starting GLFW 3.0.4 Win32 WGL VisualC DLL
c:\users\student\desktop\aie\opengl\main.cpp:40 starting GLFW 3.0.4 Win32 WGL VisualC DLL
c:\users\student\desktop\aie\opengl\main.cpp:40 starting GLFW 3.0.4 Win32 WGL VisualC DLL
c:\users\student\desktop\aie\opengl\main.cpp:40 starting GLFW 3.0.4 Win32 WGL VisualC DLL
c:\users\student\desktop\aie\opengl\main.cpp:40 starting GLFW 3.0.4 Win32 WGL VisualC DLL
c:\users\student\desktop\aie\opengl\main.cpp:40 starting GLFW 3.0.4 Win32 WGL VisualC DLL
c:\users\student\desktop\aie\opengl\main.cpp:40 starting GLFW 3.0.4 Win32 WGL VisualC DLL
c:\users\student\desktop\aie\opengl\main.cpp:40 starting GLFW 3.0.4 Win32 WGL VisualC DLL
c:\users\student\desktop\aie\opengl\main.cpp:40 starting GLFW 3.0.4 Win32 WGL VisualC DLL
c:\users\student\desktop\aie\opengl\main.cpp:40 starting GLFW 3.0.4 Win32 WGL VisualC DLL
c:\users\student\desktop\aie\opengl\main.cpp:40 starting GLFW 3.0.4 Win32 WGL VisualC DLL
c:\users\student\desktop\aie\opengl\main.cpp:40 starting GLFW 3.0.4 Win32 WGL VisualC DLL
c:\users\student\desktop\aie\opengl\main.cpp:40 starting GLFW 3.0.4 Win32 WGL VisualC DLL
c:\users\student\desktop\aie\opengl\main.cpp:40 starting GLFW 3.0.4 Win32 WGL VisualC DLL
c:\users\student\desktop\aie\opengl\main.cpp:40 starting GLFW 3.0.4 Win32 WGL VisualC DLL
c:\users\student\desktop\aie\opengl\main.cpp:40 starting GLFW 3.0.4 Win32 WGL VisualC DLL
c:\users\student\desktop\aie\opengl\main.cpp:40 starting GLFW 3.0.4 Win32 WGL VisualC DLL
c:\users\student\desktop\aie\opengl\main.cpp:40 starting GLFW 3.0.4 Win32 WGL VisualC DLL
c:\users\student\desktop\aie\opengl\main.cpp:40 starting GLFW 3.0.4 Win32 WGL VisualC DLL
c:\users\student\desktop\aie\opengl\main.cpp:40 starting GLFW 3.0.4 Win32 WGL VisualC DLL
c:\users\student\desktop\aie\opengl\main.cpp:40 starting GLFW 3.0.4 Win32 WGL VisualC DLL
c:\users\student\desktop\aie\opengl\main.cpp:40 starting GLFW 3.0.4 Win32 WGL VisualC DLL
c:\users\student\desktop\aie\opengl\main.cpp:40 starting GLFW 3.0.4 Win32 WGL VisualC DLL
c:\users\student\desktop\aie\opengl\main.cpp:40 starting GLFW 3.0.4 Win32 WGL VisualC DLL
c:\users\student\desktop\aie\opengl\main.cpp:40 starting GLFW 3.0.4 Win32 WGL VisualC DLL
c:\users\student\desktop\aie\opengl\main.cpp:40 starting GLFW 3.0.4 Win32 WGL VisualC DLL
c:\users\student\desktop\aie\opengl\main.cpp:40 starting GLFW 3.0.4 Win32 WGL VisualC DLL
c:\users\student\desktop\aie\opengl\main.cpp:40 starting GLFW 3.0.4 Win32 WGL VisualC DLL
c:\users\student\desktop\aie\opengl\main.cpp:40 starting GLFW 3.0.4 Win32 WGL VisualC DLL
c:\users\student\desktop\aie\opengl\main.cpp:40 starting GLFW 3.0.4 Win32 WGL VisualC DLL
c:\users\student\desktop\aie\opengl\main.cpp:40 starting GLFW 3.0.4 Win32 WGL VisualC DLL
c:\users\student\desktop\aie\opengl\main.cpp:40 starting GLFW 3.0.4 Win32 WGL VisualC DLL
c:\users\student\desktop\aie\opengl\main.cpp:40 starting GLFW 3.0.4 Win32 WGL VisualC DLL
c:\users\student\desktop\aie\opengl\main.cpp:40 starting GLFW 3.0.4 Win32 WGL VisualC DLL
c:\users\student\desktop\aie\opengl\main.cpp:40 starting GLFW 3.0.4 Win32 WGL VisualC DLL
c:\users\student\desktop\aie\opengl\main.cpp:40 starting GLFW 3.0.4 Win32 WGL VisualC DLL
c:\users\student\desktop\aie\opengl\main.cpp:40 starting GLFW 3.0.4 Win32 WGL VisualC DLL
c:\users\student\desktop\aie\opengl\main.cpp:40 starting GLFW 3.0.4 Win32 WGL VisualC DLL
c:\users\student\desktop\aie\opengl\main.cpp:40 starting GLFW 3.0.4 Win32 WGL VisualC DLL
c:\users\student\desktop\aie\opengl\main.cpp:40 starting GLFW 3.0.4 Win32 WGL VisualC DLL
c:\users\student\desktop\aie\opengl\main.cpp:40 starting GLFW 3.0.4 Win32 WGL VisualC DLL
c:\users\student\desktop\aie\opengl\main.cpp:40 starting GLFW 3.0.4 Win32 WGL VisualC DLL
c:\users\student\desktop\aie\opengl\main.cpp:22 starting GLFW 3.0.4 Win32 WGL VisualC DLL
c:\users\student\desktop\aie\opengl\main.cpp:22 starting GLFW 3.0.4 Win32 WGL VisualC DLL
c:\users\student\desktop\aie\opengl\main.cpp:22 starting GLFW 3.0.4 Win32 WGL VisualC DLL
c:\users\student\desktop\aie\opengl\main.cpp:22 starting GLFW 3.0.4 Win32 WGL VisualC DLL
c:\users\student\desktop\aie\opengl\main.cpp:22 starting GLFW 3.0.4 Win32 WGL VisualC DLL
c:\users\student\desktop\aie\opengl\main.cpp:22 starting GLFW 3.0.4 Win32 WGL VisualC DLL
c:\users\student\desktop\aie\opengl\main.cpp:22 starting GLFW 3.0.4 Win32 WGL VisualC DLL
c:\users\student\desktop\aie\opengl\main.cpp:22 starting GLFW 3.0.4 Win32 WGL VisualC DLL
c:\users\student\desktop\aie\opengl\main.cpp:22 starting GLFW 3.0.4 Win32 WGL VisualC DLL
c:\users\student\desktop\aie\opengl\main.cpp:22 starting GLFW 3.0.4 Win32 WGL VisualC DLL
c:\users\student\desktop\aie\opengl\main.cpp:22 starting GLFW 3.0.4 Win32 WGL VisualC DLL
c:\users\student\desktop\aie\opengl\main.cpp:22 starting GLFW 3.0.4 Win32 WGL VisualC DLL
c:\users\student\desktop\aie\opengl\main.cpp:22 starting GLFW 3.0.4 Win32 WGL VisualC DLL
c:\users\student\desktop\aie\opengl\main.cpp:22 starting GLFW 3.0.4 Win32 WGL VisualC DLL
c:\users\student\desktop\aie\opengl\main.cpp:22 starting GLFW 3.0.4 Win32 WGL VisualC DLL
c:\users\student\desktop\aie\opengl\main.cpp:22 starting GLFW 3.0.4 Win32 WGL VisualC DLL
c:\users\student\desktop\aie\opengl\main.cpp:22 starting GLFW 3.0.4 Win32 WGL VisualC DLL
c:\users\student\desktop\aie\opengl\main.cpp:22 starting GLFW 3.0.4 Win32 WGL VisualC DLL
c:\users\student\desktop\aie\opengl\main.cpp:22 starting GLFW 3.0.4 Win32 WGL VisualC DLL
c:\users\student\desktop\aie\opengl\main.cpp:22 starting GLFW 3.0.4 Win32 WGL VisualC DLL
c:\users\student\desktop\aie\opengl\main.cpp:22 starting GLFW 3.0.4 Win32 WGL VisualC DLL
c:\users\student\desktop\aie\opengl\main.cpp:22 starting GLFW 3.0.4 Win32 WGL VisualC DLL
c:\users\student\desktop\aie\opengl\main.cpp:22 starting GLFW 3.0.4 Win32 WGL VisualC DLL
c:\users\student\desktop\aie\opengl\main.cpp:22 starting GLFW 3.0.4 Win32 WGL VisualC DLL
c:\users\student\desktop\aie\opengl\main.cpp:22 starting GLFW 3.0.4 Win32 WGL VisualC DLL
c:\users\student\desktop\aie\opengl\main.cpp:22 starting GLFW 3.0.4 Win32 WGL VisualC DLL
c:\users\student\desktop\aie\opengl\main.cpp:22 starting GLFW 3.0.4 Win32 WGL VisualC DLL
c:\users\student\desktop\aie\opengl\main.cpp:22 starting GLFW 3.0.4 Win32 WGL VisualC DLL
c:\users\student\desktop\aie\opengl\main.cpp:22 starting GLFW 3.0.4 Win32 WGL VisualC DLL
c:\users\student\desktop\aie\opengl\main.cpp:22 starting GLFW 3.0.4 Win32 WGL VisualC DLL
c:\users\student\desktop\aie\opengl\main.cpp:22 starting GLFW 3.0.4 Win32 WGL VisualC DLL
c:\users\student\desktop\aie\opengl\main.cpp:22 starting GLFW 3.0.4 Win32 WGL VisualC DLL
c:\users\student\desktop\aie\opengl\main.cpp:22 starting GLFW 3.0.4 Win32 WGL VisualC DLL
c:\users\student\desktop\aie\opengl\main.cpp:22 starting GLFW 3.0.4 Win32 WGL VisualC DLL
c:\users\student\desktop\aie\opengl\main.cpp:22 starting GLFW 3.0.4 Win32 WGL VisualC DLL
c:\users\student\desktop\aie\opengl\main.cpp:22 starting GLFW 3.0.4 Win32 WGL VisualC DLL
c:\users\student\desktop\aie\opengl\main.cpp:22 starting GLFW 3.0.4 Win32 WGL VisualC DLL
c:\users\student\desktop\aie\opengl\main.cpp:22 starting GLFW 3.0.4 Win32 WGL VisualC DLL
c:\users\student\desktop\aie\opengl\main.cpp:22 starting GLFW 3.0.4 Win32 WGL VisualC DLL
c:\users\student\desktop\aie\opengl\main.cpp:22 starting GLFW 3.0.4 Win32 WGL VisualC DLL
c:\users\student\desktop\aie\opengl\main.cpp:22 starting GLFW 3.0.4 Win32 WGL VisualC DLL
c:\users\student\desktop\aie\opengl\main.cpp:22 starting GLFW 3.0.4 Win32 WGL VisualC DLL
c:\users\student\desktop\aie\opengl\main.cpp:22 starting GLFW 3.0.4 Win32 WGL VisualC DLL
c:\users\student\desktop\aie\opengl\main.cpp:22 starting GLFW 3.0.4 Win32 WGL VisualC DLL
c:\users\student\desktop\aie\opengl\main.cpp:22 starting GLFW 3.0.4 Win32 WGL VisualC DLL
c:\users\student\desktop\aie\opengl\main.cpp:22 starting GLFW 3.0.4 Win32 WGL VisualC DLL
c:\users\student\desktop\aie\opengl\main.cpp:22 starting GLFW 3.0.4 Win32 WGL VisualC DLL
c:\users\student\desktop\aie\opengl\main.cpp:22 starting GLFW 3.0.4 Win32 WGL VisualC DLL
c:\users\student\desktop\aie\opengl\main.cpp:22 starting GLFW 3.0.4 Win32 WGL VisualC DLL
c:\users\student\desktop\aie\opengl\main.cpp:22 starting GLFW 3.0.4 Win32 WGL VisualC DLL
c:\users\student\desktop\aie\opengl\main.cpp:22 starting GLFW 3.0.4 Win32 WGL VisualC DLL
c:\users\student\desktop\aie\opengl\main.cpp:22 starting GLFW 3.0.4 Win32 WGL VisualC DLL
c:\users\student\desktop\aie\opengl\main.cpp:22 starting GLFW 3.0.4 Win32 WGL VisualC DLL
c:\users\student\desktop\aie\opengl\main.cpp:22 starting GLFW 3.0.4 Win32 WGL VisualC DLL
c:\users\student\desktop\aie\opengl\main.cpp:22 starting GLFW 3.0.4 Win32 WGL VisualC DLL
c:\users\student\desktop\aie\opengl\main.cpp:22 starting GLFW 3.0.4 Win32 WGL VisualC DLL
c:\users\student\desktop\aie\opengl\main.cpp:22 starting GLFW 3.0.4 Win32 WGL VisualC DLL
c:\users\student\desktop\aie\opengl\main.cpp:22 starting GLFW 3.0.4 Win32 WGL VisualC DLL
c:\users\student\desktop\aie\opengl\main.cpp:22 starting GLFW 3.0.4 Win32 WGL VisualC DLL
c:\users\student\desktop\aie\opengl\main.cpp:22 starting GLFW 3.0.4 Win32 WGL VisualC DLL
c:\users\student\desktop\aie\opengl\main.cpp:22 starting GLFW 3.0.4 Win32 WGL VisualC DLL
c:\users\student\desktop\aie\opengl\main.cpp:22 starting GLFW 3.0.4 Win32 WGL VisualC DLL
c:\users\student\desktop\aie\opengl\main.cpp:22 starting GLFW 3.0.4 Win32 WGL VisualC DLL
c:\users\student\desktop\aie\opengl\main.cpp:22 starting GLFW 3.0.4 Win32 WGL VisualC DLL
c:\users\student\desktop\aie\opengl\main.cpp:22 starting GLFW 3.0.4 Win32 WGL VisualC DLL
c:\users\student\desktop\aie\opengl\main.cpp:22 starting GLFW 3.0.4 Win32 WGL VisualC DLL
c:\users\student\desktop\aie\opengl\main.cpp:22 starting GLFW 3.0.4 Win32 WGL VisualC DLL
c:\users\student\desktop\aie\opengl\main.cpp:22 starting GLFW 3.0.4 Win32 WGL VisualC DLL
c:\users\student\desktop\aie\opengl\main.cpp:22 starting GLFW 3.0.4 Win32 WGL VisualC DLL
c:\users\student\desktop\aie\opengl\main.cpp:22 starting GLFW 3.0.4 Win32 WGL VisualC DLL
c:\users\student\desktop\aie\opengl\main.cpp:22 starting GLFW 3.0.4 Win32 WGL VisualC DLL
c:\users\student\desktop\aie\opengl\main.cpp:22 starting GLFW 3.0.4 Win32 WGL VisualC DLL
c:\users\student\desktop\aie\opengl\main.cpp:22 starting GLFW 3.0.4 Win32 WGL VisualC DLL
c:\users\student\desktop\aie\opengl\main.cpp:22 starting GLFW 3.0.4 Win32 WGL VisualC DLL
c:\users\student\desktop\aie\opengl\main.cpp:22 starting GLFW 3.0.4 Win32 WGL VisualC DLL
c:\users\student\desktop\aie\opengl\main.cpp:22 starting GLFW 3.0.4 Win32 WGL VisualC DLL
c:\users\student\desktop\aie\opengl\main.cpp:22 starting GLFW 3.0.4 Win32 WGL VisualC DLL
c:\users\student\desktop\aie\opengl\main.cpp:22 starting GLFW 3.0.4 Win32 WGL VisualC DLL
c:\users\student\desktop\aie\opengl\main.cpp:22 starting GLFW 3.0.4 Win32 WGL VisualC DLL
c:\users\student\desktop\aie\opengl\main.cpp:22 starting GLFW 3.0.4 Win32 WGL VisualC DLL
c:\users\student\desktop\aie\opengl\main.cpp:22 starting GLFW 3.0.4 Win32 WGL VisualC DLL
c:\users\student\desktop\aie\opengl\main.cpp:22 starting GLFW 3.0.4 Win32 WGL VisualC DLL
c:\users\student\desktop\aie\opengl\main.cpp:22 starting GLFW 3.0.4 Win32 WGL VisualC DLL
c:\users\student\desktop\aie\opengl\main.cpp:22 starting GLFW 3.0.4 Win32 WGL VisualC DLL
c:\users\student\desktop\aie\opengl\main.cpp:22 starting GLFW 3.0.4 Win32 WGL VisualC DLL
c:\users\student\desktop\aie\opengl\main.cpp:22 starting GLFW 3.0.4 Win32 WGL VisualC DLL
c:\users\student\desktop\aie\opengl\main.cpp:22 starting GLFW 3.0.4 Win32 WGL VisualC DLL
c:\users\student\desktop\aie\opengl\main.cpp:22 starting GLFW 3.0.4 Win32 WGL VisualC DLL
c:\users\student\desktop\aie\opengl\main.cpp:22 starting GLFW 3.0.4 Win32 WGL VisualC DLL
c:\users\student\desktop\aie\opengl\main.cpp:22 starting GLFW 3.0.4 Win32 WGL VisualC DLL
c:\users\student\desktop\aie\opengl\main.cpp:22 starting GLFW 3.0.4 Win32 WGL VisualC DLL
c:\users\student\desktop\aie\opengl\main.cpp:22 starting GLFW 3.0.4 Win32 WGL VisualC DLL
c:\users\student\desktop\aie\opengl\main.cpp:22 starting GLFW 3.0.4 Win32 WGL VisualC DLL
c:\users\student\desktop\aie\opengl\main.cpp:22 starting GLFW 3.0.4 Win32 WGL VisualC DLL
c:\users\student\desktop\aie\opengl\main.cpp:22 starting GLFW 3.0.4 Win32 WGL VisualC DLL
c:\users\student\desktop\aie\opengl\main.cpp:22 starting GLFW 3.0.4 Win32 WGL VisualC DLL
c:\users\student\desktop\aie\opengl\main.cpp:22 starting GLFW 3.0.4 Win32 WGL VisualC DLL
c:\users\student\desktop\aie\opengl\main.cpp:22 starting GLFW 3.0.4 Win32 WGL VisualC DLL
c:\users\student\desktop\aie\opengl\main.cpp:22 starting GLFW 3.0.4 Win32 WGL VisualC DLL
c:\users\student\desktop\aie\opengl\main.cpp:22 starting GLFW 3.0.4 Win32 WGL VisualC DLL
c:\users\student\desktop\aie\opengl\main.cpp:22 starting GLFW 3.0.4 Win32 WGL VisualC DLL
c:\users\student\desktop\aie\opengl\main.cpp:22 starting GLFW 3.0.4 Win32 WGL VisualC DLL
c:\users\student\desktop\aie\opengl\main.cpp:22 starting GLFW 3.0.4 Win32 WGL VisualC DLL
c:\users\student\desktop\aie\opengl\main.cpp:22 starting GLFW 3.0.4 Win32 WGL VisualC DLL
c:\users\student\desktop\aie\opengl\main.cpp:22 starting GLFW 3.0.4 Win32 WGL VisualC DLL
c:\users\student\desktop\aie\opengl\main.cpp:22 starting GLFW 3.0.4 Win32 WGL VisualC DLL
c:\users\student\desktop\aie\opengl\main.cpp:22 starting GLFW 3.0.4 Win32 WGL VisualC DLL
c:\users\student\desktop\aie\opengl\main.cpp:22 starting GLFW 3.0.4 Win32 WGL VisualC DLL
c:\users\student\desktop\aie\opengl\main.cpp:22 starting GLFW 3.0.4 Win32 WGL VisualC DLL
c:\users\student\desktop\aie\opengl\main.cpp:22 starting GLFW 3.0.4 Win32 WGL VisualC DLL
c:\users\student\desktop\aie\opengl\main.cpp:22 starting GLFW 3.0.4 Win32 WGL VisualC DLL
c:\users\student\desktop\aie\opengl\main.cpp:22 starting GLFW 3.0.4 Win32 WGL VisualC DLL
c:\users\student\desktop\aie\opengl\main.cpp:22 starting GLFW 3.0.4 Win32 WGL VisualC DLL
c:\users\student\desktop\aie\opengl\main.cpp:22 starting GLFW 3.0.4 Win32 WGL VisualC DLL
c:\users\student\desktop\aie\opengl\main.cpp:22 starting GLFW 3.0.4 Win32 WGL VisualC DLL
c:\users\student\desktop\aie\opengl\main.cpp:22 starting GLFW 3.0.4 Win32 WGL VisualC DLL
c:\users\student\desktop\aie\opengl\main.cpp:22 starting GLFW 3.0.4 Win32 WGL VisualC DLL
c:\users\student\desktop\aie\opengl\main.cpp:22 starting GLFW 3.0.4 Win32 WGL VisualC DLL
c:\users\student\desktop\aie\opengl\main.cpp:22 starting GLFW 3.0.4 Win32 WGL VisualC DLL
c:\users\student\desktop\aie\opengl\main.cpp:22 starting GLFW 3.0.4 Win32 WGL VisualC DLL
c:\users\student\desktop\aie\opengl\main.cpp:22 starting GLFW 3.0.4 Win32 WGL VisualC DLL
c:\users\student\desktop\aie\opengl\main.cpp:22 starting GLFW 3.0.4 Win32 WGL VisualC DLL
c:\users\student\desktop\aie\opengl\main.cpp:22 starting GLFW 3.0.4 Win32 WGL VisualC DLL
c:\users\student\desktop\aie\opengl\main.cpp:22 starting GLFW 3.0.4 Win32 WGL VisualC DLL
c:\users\student\desktop\aie\opengl\main.cpp:22 starting GLFW 3.0.4 Win32 WGL VisualC DLL
c:\users\student\desktop\aie\opengl\main.cpp:22 starting GLFW 3.0.4 Win32 WGL VisualC DLL
c:\users\student\desktop\aie\opengl\main.cpp:22 starting GLFW 3.0.4 Win32 WGL VisualC DLL
c:\users\student\desktop\aie\opengl\main.cpp:22 starting GLFW 3.0.4 Win32 WGL VisualC DLL
c:\users\student\desktop\aie\opengl\main.cpp:22 starting GLFW 3.0.4 Win32 WGL VisualC DLL
c:\users\student\desktop\aie\opengl\main.cpp:22 starting GLFW 3.0.4 Win32 WGL VisualC DLL
c:\users\student\desktop\aie\opengl\main.cpp:22 starting GLFW 3.0.4 Win32 WGL VisualC DLL
c:\users\student\desktop\aie\opengl\main.cpp:22 starting GLFW 3.0.4 Win32 WGL VisualC DLL
c:\users\student\desktop\aie\opengl\main.cpp:22 starting GLFW 3.0.4 Win32 WGL VisualC DLL
c:\users\student\desktop\aie\opengl\main.cpp:22 starting GLFW 3.0.4 Win32 WGL VisualC DLL
c:\users\student\desktop\aie\opengl\main.cpp:22 starting GLFW 3.0.4 Win32 WGL VisualC DLL
c:\users\student\desktop\aie\opengl\main.cpp:22 starting GLFW 3.0.4 Win32 WGL VisualC DLL
c:\users\student\desktop\aie\opengl\main.cpp:22 starting GLFW 3.0.4 Win32 WGL VisualC DLL
c:\users\student\desktop\aie\opengl\main.cpp:22 starting GLFW 3.0.4 Win32 WGL VisualC DLL
c:\users\student\desktop\aie\opengl\main.cpp:22 starting GLFW 3.0.4 Win32 WGL VisualC DLL
c:\users\student\desktop\aie\opengl\main.cpp:22 starting GLFW 3.0.4 Win32 WGL VisualC DLL
c:\users\student\desktop\aie\opengl\main.cpp:22 starting GLFW 3.0.4 Win32 WGL VisualC DLL
c:\users\student\desktop\aie\opengl\main.cpp:22 starting GLFW 3.0.4 Win32 WGL VisualC DLL
c:\users\student\desktop\aie\opengl\main.cpp:22 starting GLFW 3.0.4 Win32 WGL VisualC DLL
c:\users\student\desktop\aie\opengl\main.cpp:22 starting GLFW 3.0.4 Win32 WGL VisualC DLL
c:\users\student\desktop\aie\opengl\main.cpp:22 starting GLFW 3.0.4 Win32 WGL VisualC DLL
c:\users\student\desktop\aie\opengl\main.cpp:22 starting GLFW 3.0.4 Win32 WGL VisualC DLL
c:\users\student\desktop\aie\opengl\main.cpp:22 starting GLFW 3.0.4 Win32 WGL VisualC DLL
c:\users\student\desktop\aie\opengl\main.cpp:22 starting GLFW 3.0.4 Win32 WGL VisualC DLL
c:\users\student\desktop\aie\opengl\main.cpp:22 starting GLFW 3.0.4 Win32 WGL VisualC DLL
c:\users\student\desktop\aie\opengl\main.cpp:22 starting GLFW 3.0.4 Win32 WGL VisualC DLL
c:\users\student\desktop\aie\opengl\main.cpp:22 starting GLFW 3.0.4 Win32 WGL VisualC DLL
c:\users\student\desktop\aie\opengl\main.cpp:22 starting GLFW 3.0.4 Win32 WGL VisualC DLL
c:\users\student\desktop\aie\opengl\main.cpp:22 starting GLFW 3.0.4 Win32 WGL VisualC DLL
c:\users\student\desktop\aie\opengl\main.cpp:22 starting GLFW 3.0.4 Win32 WGL VisualC DLL
c:\users\student\desktop\aie\opengl\main.cpp:22 starting GLFW 3.0.4 Win32 WGL VisualC DLL
c:\users\student\desktop\aie\opengl\main.cpp:22 starting GLFW 3.0.4 Win32 WGL VisualC DLL
c:\users\student\desktop\aie\opengl\main.cpp:22 starting GLFW 3.0.4 Win32 WGL VisualC DLL
c:\users\student\desktop\aie\opengl\main.cpp:22 starting GLFW 3.0.4 Win32 WGL VisualC DLL
c:\users\student\desktop\aie\opengl\main.cpp:22 starting GLFW 3.0.4 Win32 WGL VisualC DLL
c:\users\student\desktop\aie\opengl\main.cpp:22 starting GLFW 3.0.4 Win32 WGL VisualC DLL
c:\users\student\desktop\aie\opengl\main.cpp:22 starting GLFW 3.0.4 Win32 WGL VisualC DLL
c:\users\student\desktop\aie\opengl\main.cpp:22 starting GLFW 3.0.4 Win32 WGL VisualC DLL
c:\users\student\desktop\aie\opengl\main.cpp:22 starting GLFW 3.0.4 Win32 WGL VisualC DLL
c:\users\student\desktop\aie\opengl\main.cpp:22 starting GLFW 3.0.4 Win32 WGL VisualC DLL
c:\users\student\desktop\aie\opengl\main.cpp:22 starting GLFW 3.0.4 Win32 WGL VisualC DLL
c:\users\student\desktop\aie\opengl\main.cpp:22 starting GLFW 3.0.4 Win32 WGL VisualC DLL
c:\users\student\desktop\aie\opengl\main.cpp:22 starting GLFW 3.0.4 Win32 WGL VisualC DLL
c:\users\student\desktop\aie\opengl\main.cpp:22 starting GLFW 3.0.4 Win32 WGL VisualC DLL
c:\users\student\desktop\aie\opengl\main.cpp:22 starting GLFW 3.0.4 Win32 WGL VisualC DLL
c:\users\student\desktop\aie\opengl\main.cpp:22 starting GLFW 3.0.4 Win32 WGL VisualC DLL
c:\users\student\desktop\aie\opengl\main.cpp:22 starting GLFW 3.0.4 Win32 WGL VisualC DLL
c:\users\student\desktop\aie\opengl\main.cpp:22 starting GLFW 3.0.4 Win32 WGL VisualC DLL
c:\users\student\desktop\aie\opengl\main.cpp:22 starting GLFW 3.0.4 Win32 WGL VisualC DLL
c:\users\student\desktop\aie\opengl\main.cpp:22 starting GLFW 3.0.4 Win32 WGL VisualC DLL
c:\users\student\desktop\aie\opengl\main.cpp:22 starting GLFW 3.0.4 Win32 WGL VisualC DLL
c:\users\student\desktop\aie\opengl\main.cpp:22 starting GLFW 3.0.4 Win32 WGL VisualC DLL
c:\users\student\desktop\aie\opengl\main.cpp:22 starting GLFW 3.0.4 Win32 WGL VisualC DLL
c:\users\student\desktop\aie\opengl\main.cpp:22 starting GLFW 3.0.4 Win32 WGL VisualC DLL
c:\users\student\desktop\aie\opengl\main.cpp:22 starting GLFW 3.0.4 Win32 WGL VisualC DLL
c:\users\student\desktop\aie\opengl\main.cpp:22 starting GLFW 3.0.4 Win32 WGL VisualC DLL
c:\users\student\desktop\aie\opengl\main.cpp:22 starting GLFW 3.0.4 Win32 WGL VisualC DLL
c:\users\student\desktop\aie\opengl\main.cpp:22 starting GLFW 3.0.4 Win32 WGL VisualC DLL
c:\users\student\desktop\aie\opengl\main.cpp:22 starting GLFW 3.0.4 Win32 WGL VisualC DLL
c:\users\student\desktop\aie\opengl\main.cpp:22 starting GLFW 3.0.4 Win32 WGL VisualC DLL
c:\users\student\desktop\aie\opengl\main.cpp:22 starting GLFW 3.0.4 Win32 WGL VisualC DLL
c:\users\student\desktop\aie\opengl\main.cpp:22 starting GLFW 3.0.4 Win32 WGL VisualC DLL
c:\users\student\desktop\aie\opengl\main.cpp:22 starting GLFW 3.0.4 Win32 WGL VisualC DLL
c:\users\student\desktop\aie\opengl\main.cpp:22 starting GLFW 3.0.4 Win32 WGL VisualC DLL
c:\users\student\desktop\aie\opengl\main.cpp:22 starting GLFW 3.0.4 Win32 WGL VisualC DLL
c:\users\student\desktop\aie\opengl\main.cpp:22 starting GLFW 3.0.4 Win32 WGL VisualC DLL
c:\users\student\desktop\aie\opengl\main.cpp:22 starting GLFW 3.0.4 Win32 WGL VisualC DLL
c:\users\student\desktop\aie\opengl\main.cpp:22 starting GLFW 3.0.4 Win32 WGL VisualC DLL
c:\users\student\desktop\aie\opengl\main.cpp:22 starting GLFW 3.0.4 Win32 WGL VisualC DLL
c:\users\student\desktop\aie\opengl\main.cpp:22 starting GLFW 3.0.4 Win32 WGL VisualC DLL
c:\users\student\desktop\aie\opengl\main.cpp:22 starting GLFW 3.0.4 Win32 WGL VisualC DLL
c:\users\student\desktop\aie\opengl\main.cpp:22 starting GLFW 3.0.4 Win32 WGL VisualC DLL
c:\users\student\desktop\aie\opengl\main.cpp:22 starting GLFW 3.0.4 Win32 WGL VisualC DLL
c:\users\student\desktop\aie\opengl\main.cpp:22 starting GLFW 3.0.4 Win32 WGL VisualC DLL
c:\users\student\desktop\aie\opengl\main.cpp:22 starting GLFW 3.0.4 Win32 WGL VisualC DLL
c:\users\student\desktop\aie\gameengine\main.cpp:22 starting GLFW 3.0.4 Win32 WGL VisualC DLL
c:\users\student\desktop\aie\gameengine\main.cpp:22 starting GLFW 3.0.4 Win32 WGL VisualC DLL
c:\users\student\desktop\aie\gameengine\main.cpp:22 starting GLFW 3.0.4 Win32 WGL VisualC DLL
c:\users\student\desktop\aie\gameengine\main.cpp:19 starting GLFW 3.0.4 Win32 WGL VisualC DLL
c:\users\student\desktop\aie\gameengine\main.cpp:19 starting GLFW 3.0.4 Win32 WGL VisualC DLL
c:\users\student\desktop\aie\gameengine\main.cpp:19 starting GLFW 3.0.4 Win32 WGL VisualC DLL
c:\users\student\desktop\aie\gameengine\main.cpp:19 starting GLFW 3.0.4 Win32 WGL VisualC DLL
c:\users\student\desktop\aie\gameengine\main.cpp:19 starting GLFW 3.0.4 Win32 WGL VisualC DLL
c:\users\student\desktop\aie\gameengine\main.cpp:19 starting GLFW 3.0.4 Win32 WGL VisualC DLL
c:\users\student\desktop\aie\gameengine\main.cpp:19 starting GLFW 3.0.4 Win32 WGL VisualC DLL
c:\users\student\desktop\aie\gameengine\main.cpp:19 starting GLFW 3.0.4 Win32 WGL VisualC DLL
c:\users\student\desktop\aie\gameengine\main.cpp:19 starting GLFW 3.0.4 Win32 WGL VisualC DLL
c:\users\student\desktop\aie\gameengine\main.cpp:19 starting GLFW 3.0.4 Win32 WGL VisualC DLL
c:\users\student\desktop\aie\gameengine\main.cpp:19 starting GLFW 3.0.4 Win32 WGL VisualC DLL
c:\users\student\desktop\aie\gameengine\main.cpp:19 starting GLFW 3.0.4 Win32 WGL VisualC DLL
c:\users\student\desktop\aie\gameengine\main.cpp:19 starting GLFW 3.0.4 Win32 WGL VisualC DLL
c:\users\student\desktop\aie\gameengine\main.cpp:19 starting GLFW 3.0.4 Win32 WGL VisualC DLL
c:\users\student\desktop\aie\gameengine\main.cpp:19 starting GLFW 3.0.4 Win32 WGL VisualC DLL
c:\users\student\desktop\aie\gameengine\main.cpp:19 starting GLFW 3.0.4 Win32 WGL VisualC DLL
c:\users\student\desktop\aie\gameengine\main.cpp:19 starting GLFW 3.0.4 Win32 WGL VisualC DLL
c:\users\student\desktop\aie\gameengine\main.cpp:19 starting GLFW 3.0.4 Win32 WGL VisualC DLL
c:\users\student\desktop\aie\gameengine\main.cpp:19 starting GLFW 3.0.4 Win32 WGL VisualC DLL
c:\users\student\desktop\aie\gameengine\main.cpp:19 starting GLFW 3.0.4 Win32 WGL VisualC DLL
c:\users\student\desktop\aie\gameengine\main.cpp:19 starting GLFW 3.0.4 Win32 WGL VisualC DLL
c:\users\student\desktop\aie\gameengine\main.cpp:19 starting GLFW 3.0.4 Win32 WGL VisualC DLL
c:\users\student\desktop\aie\gameengine\main.cpp:19 starting GLFW 3.0.4 Win32 WGL VisualC DLL
c:\users\student\desktop\aie\gameengine\main.cpp:19 starting GLFW 3.0.4 Win32 WGL VisualC DLL
c:\users\student\desktop\aie\gameengine\main.cpp:19 starting GLFW 3.0.4 Win32 WGL VisualC DLL
c:\users\student\desktop\aie\gameengine\main.cpp:19 starting GLFW 3.0.4 Win32 WGL VisualC DLL
c:\users\student\desktop\aie\gameengine\main.cpp:19 starting GLFW 3.0.4 Win32 WGL VisualC DLL
c:\users\student\desktop\aie\gameengine\main.cpp:19 starting GLFW 3.0.4 Win32 WGL VisualC DLL
c:\users\student\desktop\aie\gameengine\main.cpp:19 starting GLFW 3.0.4 Win32 WGL VisualC DLL
c:\users\student\desktop\aie\gameengine\main.cpp:19 starting GLFW 3.0.4 Win32 WGL VisualC DLL
c:\users\student\desktop\aie\gameengine\main.cpp:19 starting GLFW 3.0.4 Win32 WGL VisualC DLL
c:\users\student\desktop\aie\gameengine\main.cpp:19 starting GLFW 3.0.4 Win32 WGL VisualC DLL
c:\users\student\desktop\aie\gameengine\main.cpp:19 starting GLFW 3.0.4 Win32 WGL VisualC DLL
c:\users\student\desktop\aie\gameengine\main.cpp:19 starting GLFW 3.0.4 Win32 WGL VisualC DLL
c:\users\student\desktop\aie\gameengine\main.cpp:19 starting GLFW 3.0.4 Win32 WGL VisualC DLL
c:\users\student\desktop\aie\gameengine\main.cpp:19 starting GLFW 3.0.4 Win32 WGL VisualC DLL
c:\users\student\desktop\aie\gameengine\main.cpp:19 starting GLFW 3.0.4 Win32 WGL VisualC DLL
c:\users\student\desktop\aie\gameengine\main.cpp:19 starting GLFW 3.0.4 Win32 WGL VisualC DLL
c:\users\student\desktop\aie\gameengine\main.cpp:19 starting GLFW 3.0.4 Win32 WGL VisualC DLL
c:\users\student\desktop\aie\gameengine\main.cpp:19 starting GLFW 3.0.4 Win32 WGL VisualC DLL
c:\users\student\desktop\aie\gameengine\main.cpp:19 starting GLFW 3.0.4 Win32 WGL VisualC DLL
c:\users\student\desktop\aie\gameengine\main.cpp:19 starting GLFW 3.0.4 Win32 WGL VisualC DLL
c:\users\student\desktop\aie\gameengine\main.cpp:19 starting GLFW 3.0.4 Win32 WGL VisualC DLL
c:\users\student\desktop\aie\gameengine\main.cpp:19 starting GLFW 3.0.4 Win32 WGL VisualC DLL
c:\users\student\desktop\aie\gameengine\main.cpp:19 starting GLFW 3.0.4 Win32 WGL VisualC DLL
c:\users\student\desktop\aie\gameengine\main.cpp:19 starting GLFW 3.0.4 Win32 WGL VisualC DLL
c:\users\student\desktop\aie\gameengine\main.cpp:19 starting GLFW 3.0.4 Win32 WGL VisualC DLL
c:\users\student\desktop\aie\gameengine\main.cpp:19 starting GLFW 3.0.4 Win32 WGL VisualC DLL
c:\users\student\desktop\aie\gameengine\main.cpp:19 starting GLFW 3.0.4 Win32 WGL VisualC DLL
c:\users\student\desktop\aie\gameengine\main.cpp:19 starting GLFW 3.0.4 Win32 WGL VisualC DLL
c:\users\student\desktop\aie\gameengine\main.cpp:19 starting GLFW 3.0.4 Win32 WGL VisualC DLL
c:\users\student\desktop\aie\gameengine\main.cpp:19 starting GLFW 3.0.4 Win32 WGL VisualC DLL
c:\users\student\desktop\aie\gameengine\main.cpp:19 starting GLFW 3.0.4 Win32 WGL VisualC DLL
c:\users\student\desktop\aie\gameengine\main.cpp:19 starting GLFW 3.0.4 Win32 WGL VisualC DLL
c:\users\student\desktop\aie\gameengine\main.cpp:19 starting GLFW 3.0.4 Win32 WGL VisualC DLL
c:\users\student\desktop\aie\gameengine\main.cpp:19 starting GLFW 3.0.4 Win32 WGL VisualC DLL
c:\users\student\desktop\aie\gameengine\main.cpp:19 starting GLFW 3.0.4 Win32 WGL VisualC DLL
c:\users\student\desktop\aie\gameengine\main.cpp:19 starting GLFW 3.0.4 Win32 WGL VisualC DLL
c:\users\student\desktop\aie\gameengine\main.cpp:19 starting GLFW 3.0.4 Win32 WGL VisualC DLL
c:\users\student\desktop\aie\gameengine\main.cpp:19 starting GLFW 3.0.4 Win32 WGL VisualC DLL
c:\users\student\desktop\aie\gameengine\main.cpp:19 starting GLFW 3.0.4 Win32 WGL VisualC DLL
c:\users\student\desktop\aie\gameengine\main.cpp:19 starting GLFW 3.0.4 Win32 WGL VisualC DLL
c:\users\student\desktop\aie\gameengine\main.cpp:19 starting GLFW 3.0.4 Win32 WGL VisualC DLL
c:\users\student\desktop\aie\gameengine\main.cpp:19 starting GLFW 3.0.4 Win32 WGL VisualC DLL
c:\users\student\desktop\aie\gameengine\main.cpp:19 starting GLFW 3.0.4 Win32 WGL VisualC DLL
c:\users\student\desktop\aie\gameengine\main.cpp:19 starting GLFW 3.0.4 Win32 WGL VisualC DLL
c:\users\student\desktop\aie\gameengine\main.cpp:19 starting GLFW 3.0.4 Win32 WGL VisualC DLL
c:\users\student\desktop\aie\gameengine\main.cpp:19 starting GLFW 3.0.4 Win32 WGL VisualC DLL
c:\users\student\desktop\aie\gameengine\main.cpp:19 starting GLFW 3.0.4 Win32 WGL VisualC DLL
c:\users\student\desktop\aie\gameengine\main.cpp:19 starting GLFW 3.0.4 Win32 WGL VisualC DLL
c:\users\student\desktop\aie\gameengine\main.cpp:19 starting GLFW 3.0.4 Win32 WGL VisualC DLL
c:\users\student\desktop\aie\gameengine\main.cpp:19 starting GLFW 3.0.4 Win32 WGL VisualC DLL
c:\users\student\desktop\aie\gameengine\main.cpp:19 starting GLFW 3.0.4 Win32 WGL VisualC DLL
c:\users\student\desktop\aie\gameengine\main.cpp:19 starting GLFW 3.0.4 Win32 WGL VisualC DLL
c:\users\student\desktop\aie\gameengine\main.cpp:19 starting GLFW 3.0.4 Win32 WGL VisualC DLL
c:\users\student\desktop\aie\gameengine\main.cpp:19 starting GLFW 3.0.4 Win32 WGL VisualC DLL
c:\users\student\desktop\aie\gameengine\main.cpp:19 starting GLFW 3.0.4 Win32 WGL VisualC DLL
c:\users\student\desktop\aie\gameengine\main.cpp:19 starting GLFW 3.0.4 Win32 WGL VisualC DLL
c:\users\student\desktop\aie\gameengine\main.cpp:19 starting GLFW 3.0.4 Win32 WGL VisualC DLL
c:\users\student\desktop\aie\gameengine\main.cpp:19 starting GLFW 3.0.4 Win32 WGL VisualC DLL
c:\users\student\desktop\aie\gameengine\main.cpp:19 starting GLFW 3.0.4 Win32 WGL VisualC DLL
c:\users\student\desktop\aie\gameengine\main.cpp:19 starting GLFW 3.0.4 Win32 WGL VisualC DLL
c:\users\student\desktop\aie\gameengine\main.cpp:19 starting GLFW 3.0.4 Win32 WGL VisualC DLL
c:\users\student\desktop\aie\gameengine\main.cpp:19 starting GLFW 3.0.4 Win32 WGL VisualC DLL
c:\users\student\desktop\aie\gameengine\main.cpp:19 starting GLFW 3.0.4 Win32 WGL VisualC DLL
c:\users\student\desktop\aie\gameengine\main.cpp:19 starting GLFW 3.0.4 Win32 WGL VisualC DLL
c:\users\student\desktop\aie\gameengine\main.cpp:19 starting GLFW 3.0.4 Win32 WGL VisualC DLL
c:\users\student\desktop\aie\gameengine\main.cpp:19 starting GLFW 3.0.4 Win32 WGL VisualC DLL
c:\users\student\desktop\aie\gameengine\main.cpp:19 starting GLFW 3.0.4 Win32 WGL VisualC DLL
c:\users\student\desktop\aie\gameengine\main.cpp:19 starting GLFW 3.0.4 Win32 WGL VisualC DLL
c:\users\student\desktop\aie\gameengine\main.cpp:19 starting GLFW 3.0.4 Win32 WGL VisualC DLL
c:\users\student\desktop\aie\gameengine\main.cpp:19 starting GLFW 3.0.4 Win32 WGL VisualC DLL
c:\users\student\desktop\aie\gameengine\main.cpp:19 starting GLFW 3.0.4 Win32 WGL VisualC DLL
c:\users\student\desktop\aie\gameengine\main.cpp:19 starting GLFW 3.0.4 Win32 WGL VisualC DLL
c:\users\student\desktop\aie\gameengine\main.cpp:19 starting GLFW 3.0.4 Win32 WGL VisualC DLL
c:\users\student\desktop\aie\gameengine\main.cpp:19 starting GLFW 3.0.4 Win32 WGL VisualC DLL
c:\users\student\desktop\aie\gameengine\main.cpp:19 starting GLFW 3.0.4 Win32 WGL VisualC DLL
c:\users\student\desktop\aie\gameengine\main.cpp:19 starting GLFW 3.0.4 Win32 WGL VisualC DLL
c:\users\student\desktop\aie\gameengine\main.cpp:19 starting GLFW 3.0.4 Win32 WGL VisualC DLL
c:\users\student\desktop\aie\gameengine\main.cpp:19 starting GLFW 3.0.4 Win32 WGL VisualC DLL
c:\users\student\desktop\aie\gameengine\main.cpp:19 starting GLFW 3.0.4 Win32 WGL VisualC DLL
c:\users\student\desktop\aie\gameengine\main.cpp:19 starting GLFW 3.0.4 Win32 WGL VisualC DLL
c:\users\student\desktop\aie\gameengine\main.cpp:19 starting GLFW 3.0.4 Win32 WGL VisualC DLL
c:\users\student\desktop\aie\gameengine\main.cpp:19 starting GLFW 3.0.4 Win32 WGL VisualC DLL
c:\users\student\desktop\aie\gameengine\main.cpp:19 starting GLFW 3.0.4 Win32 WGL VisualC DLL
c:\users\student\desktop\aie\gameengine\main.cpp:19 starting GLFW 3.0.4 Win32 WGL VisualC DLL
c:\users\student\desktop\aie\gameengine\main.cpp:19 starting GLFW 3.0.4 Win32 WGL VisualC DLL
c:\users\student\desktop\aie\gameengine\main.cpp:19 starting GLFW 3.0.4 Win32 WGL VisualC DLL
c:\users\student\desktop\aie\gameengine\main.cpp:19 starting GLFW 3.0.4 Win32 WGL VisualC DLL
c:\users\student\desktop\aie\gameengine\main.cpp:19 starting GLFW 3.0.4 Win32 WGL VisualC DLL
c:\users\student\desktop\aie\gameengine\main.cpp:19 starting GLFW 3.0.4 Win32 WGL VisualC DLL
c:\users\student\desktop\aie\gameengine\main.cpp:19 starting GLFW 3.0.4 Win32 WGL VisualC DLL
c:\users\student\desktop\aie\gameengine\main.cpp:19 starting GLFW 3.0.4 Win32 WGL VisualC DLL
c:\users\student\desktop\aie\gameengine\main.cpp:19 starting GLFW 3.0.4 Win32 WGL VisualC DLL
c:\users\student\desktop\aie\gameengine\main.cpp:19 starting GLFW 3.0.4 Win32 WGL VisualC DLL
c:\users\student\desktop\aie\gameengine\main.cpp:19 starting GLFW 3.0.4 Win32 WGL VisualC DLL
c:\users\student\desktop\aie\gameengine\main.cpp:19 starting GLFW 3.0.4 Win32 WGL VisualC DLL
c:\users\student\desktop\aie\gameengine\main.cpp:19 starting GLFW 3.0.4 Win32 WGL VisualC DLL
c:\users\student\desktop\aie\gameengine\main.cpp:19 starting GLFW 3.0.4 Win32 WGL VisualC DLL
c:\users\student\desktop\aie\gameengine\main.cpp:19 starting GLFW 3.0.4 Win32 WGL VisualC DLL
c:\users\student\desktop\aie\gameengine\main.cpp:19 starting GLFW 3.0.4 Win32 WGL VisualC DLL
c:\users\student\desktop\aie\gameengine\main.cpp:19 starting GLFW 3.0.4 Win32 WGL VisualC DLL
c:\users\student\desktop\aie\gameengine\main.cpp:19 starting GLFW 3.0.4 Win32 WGL VisualC DLL
c:\users\student\desktop\aie\gameengine\main.cpp:19 starting GLFW 3.0.4 Win32 WGL VisualC DLL
c:\users\student\desktop\aie\gameengine\main.cpp:19 starting GLFW 3.0.4 Win32 WGL VisualC DLL
c:\users\student\desktop\aie\gameengine\main.cpp:19 starting GLFW 3.0.4 Win32 WGL VisualC DLL
c:\users\student\desktop\aie\gameengine\main.cpp:19 starting GLFW 3.0.4 Win32 WGL VisualC DLL
c:\users\student\desktop\aie\gameengine\main.cpp:19 starting GLFW 3.0.4 Win32 WGL VisualC DLL
c:\users\student\desktop\aie\gameengine\main.cpp:19 starting GLFW 3.0.4 Win32 WGL VisualC DLL
c:\users\student\desktop\aie\gameengine\main.cpp:19 starting GLFW 3.0.4 Win32 WGL VisualC DLL
c:\users\student\desktop\aie\gameengine\main.cpp:19 starting GLFW 3.0.4 Win32 WGL VisualC DLL
c:\users\student\desktop\aie\gameengine\main.cpp:19 starting GLFW 3.0.4 Win32 WGL VisualC DLL
c:\users\student\desktop\aie\gameengine\main.cpp:19 starting GLFW 3.0.4 Win32 WGL VisualC DLL
c:\users\student\desktop\aie\gameengine\main.cpp:19 starting GLFW 3.0.4 Win32 WGL VisualC DLL
c:\users\student\desktop\aie\gameengine\main.cpp:19 starting GLFW 3.0.4 Win32 WGL VisualC DLL
c:\users\student\desktop\aie\gameengine\main.cpp:19 starting GLFW 3.0.4 Win32 WGL VisualC DLL
c:\users\student\desktop\aie\gameengine\main.cpp:17 starting GLFW 3.0.4 Win32 WGL VisualC DLL
c:\users\student\desktop\aie\gameengine\sprite.cpp:160 starting GLFW 3.0.4 Win32 WGL VisualC DLL
c:\users\student\desktop\aie\gameengine\sprite.cpp:160 starting GLFW 3.0.4 Win32 WGL VisualC DLL
c:\users\student\desktop\aie\gameengine\sprite.cpp:160 starting GLFW 3.0.4 Win32 WGL VisualC DLL
c:\users\student\desktop\aie\gameengine\sprite.cpp:160 starting GLFW 3.0.4 Win32 WGL VisualC DLL
c:\users\student\desktop\aie\gameengine\sprite.cpp:160 starting GLFW 3.0.4 Win32 WGL VisualC DLL
c:\users\student\desktop\aie\gameengine\sprite.cpp:160 starting GLFW 3.0.4 Win32 WGL VisualC DLL
c:\users\student\desktop\aie\gameengine\sprite.cpp:160 starting GLFW 3.0.4 Win32 WGL VisualC DLL
c:\users\student\desktop\aie\gameengine\sprite.cpp:160 starting GLFW 3.0.4 Win32 WGL VisualC DLL
c:\users\student\desktop\aie\gameengine\sprite.cpp:160 starting GLFW 3.0.4 Win32 WGL VisualC DLL
c:\users\student\desktop\aie\gameengine\sprite.cpp:160 starting GLFW 3.0.4 Win32 WGL VisualC DLL
c:\users\student\desktop\aie\gameengine\sprite.cpp:160 starting GLFW 3.0.4 Win32 WGL VisualC DLL
c:\users\student\desktop\aie\gameengine\sprite.cpp:160 starting GLFW 3.0.4 Win32 WGL VisualC DLL
c:\users\student\desktop\aie\gameengine\sprite.cpp:160 starting GLFW 3.0.4 Win32 WGL VisualC DLL
c:\users\student\desktop\aie\gameengine\sprite.cpp:160 starting GLFW 3.0.4 Win32 WGL VisualC DLL
c:\users\student\desktop\aie\gameengine\sprite.cpp:160 starting GLFW 3.0.4 Win32 WGL VisualC DLL
c:\users\student\desktop\aie\gameengine\sprite.cpp:160 starting GLFW 3.0.4 Win32 WGL VisualC DLL
c:\users\student\desktop\aie\gameengine\sprite.cpp:160 starting GLFW 3.0.4 Win32 WGL VisualC DLL
c:\users\student\desktop\aie\gameengine\sprite.cpp:160 starting GLFW 3.0.4 Win32 WGL VisualC DLL
c:\users\student\desktop\aie\gameengine\sprite.cpp:160 starting GLFW 3.0.4 Win32 WGL VisualC DLL
c:\users\student\desktop\aie\gameengine\sprite.cpp:160 starting GLFW 3.0.4 Win32 WGL VisualC DLL
c:\users\student\desktop\aie\gameengine\sprite.cpp:160 starting GLFW 3.0.4 Win32 WGL VisualC DLL
c:\users\student\desktop\aie\gameengine\sprite.cpp:160 starting GLFW 3.0.4 Win32 WGL VisualC DLL
c:\users\student\desktop\aie\gameengine\sprite.cpp:160 starting GLFW 3.0.4 Win32 WGL VisualC DLL
c:\users\student\desktop\aie\gameengine\sprite.cpp:160 starting GLFW 3.0.4 Win32 WGL VisualC DLL
c:\users\student\desktop\aie\gameengine\sprite.cpp:160 starting GLFW 3.0.4 Win32 WGL VisualC DLL
c:\users\student\desktop\aie\gameengine\sprite.cpp:160 starting GLFW 3.0.4 Win32 WGL VisualC DLL
c:\users\student\desktop\aie\gameengine\sprite.cpp:160 starting GLFW 3.0.4 Win32 WGL VisualC DLL
c:\users\student\desktop\aie\gameengine\sprite.cpp:160 starting GLFW 3.0.4 Win32 WGL VisualC DLL
c:\users\student\desktop\aie\gameengine\sprite.cpp:160 starting GLFW 3.0.4 Win32 WGL VisualC DLL
c:\users\student\desktop\aie\gameengine\sprite.cpp:160 starting GLFW 3.0.4 Win32 WGL VisualC DLL
c:\users\student\desktop\aie\gameengine\sprite.cpp:160 starting GLFW 3.0.4 Win32 WGL VisualC DLL
c:\users\student\desktop\aie\gameengine\sprite.cpp:160 starting GLFW 3.0.4 Win32 WGL VisualC DLL
c:\users\student\desktop\aie\gameengine\sprite.cpp:160 starting GLFW 3.0.4 Win32 WGL VisualC DLL
c:\users\student\desktop\aie\gameengine\sprite.cpp:160 starting GLFW 3.0.4 Win32 WGL VisualC DLL
c:\users\student\desktop\aie\gameengine\sprite.cpp:160 starting GLFW 3.0.4 Win32 WGL VisualC DLL
c:\users\student\desktop\aie\gameengine\sprite.cpp:160 starting GLFW 3.0.4 Win32 WGL VisualC DLL
c:\users\student\desktop\aie\gameengine\sprite.cpp:160 starting GLFW 3.0.4 Win32 WGL VisualC DLL
c:\users\student\desktop\aie\gameengine\sprite.cpp:160 starting GLFW 3.0.4 Win32 WGL VisualC DLL
c:\users\student\desktop\aie\gameengine\sprite.cpp:160 starting GLFW 3.0.4 Win32 WGL VisualC DLL
c:\users\student\desktop\aie\gameengine\sprite.cpp:160 starting GLFW 3.0.4 Win32 WGL VisualC DLL
c:\users\student\desktop\aie\gameengine\sprite.cpp:160 starting GLFW 3.0.4 Win32 WGL VisualC DLL
c:\users\student\desktop\aie\gameengine\sprite.cpp:160 starting GLFW 3.0.4 Win32 WGL VisualC DLL
c:\users\student\desktop\aie\gameengine\sprite.cpp:160 starting GLFW 3.0.4 Win32 WGL VisualC DLL
c:\users\student\desktop\aie\gameengine\sprite.cpp:160 starting GLFW 3.0.4 Win32 WGL VisualC DLL
c:\users\student\desktop\aie\gameengine\sprite.cpp:160 starting GLFW 3.0.4 Win32 WGL VisualC DLL
c:\users\student\desktop\aie\gameengine\sprite.cpp:160 starting GLFW 3.0.4 Win32 WGL VisualC DLL
c:\users\student\desktop\aie\gameengine\sprite.cpp:160 starting GLFW 3.0.4 Win32 WGL VisualC DLL
c:\users\student\desktop\aie\gameengine\sprite.cpp:160 starting GLFW 3.0.4 Win32 WGL VisualC DLL
c:\users\student\desktop\aie\gameengine\sprite.cpp:160 starting GLFW 3.0.4 Win32 WGL VisualC DLL
c:\users\student\desktop\aie\gameengine\sprite.cpp:160 starting GLFW 3.0.4 Win32 WGL VisualC DLL
c:\users\student\desktop\aie\gameengine\sprite.cpp:160 starting GLFW 3.0.4 Win32 WGL VisualC DLL
c:\users\student\desktop\aie\gameengine\sprite.cpp:160 starting GLFW 3.0.4 Win32 WGL VisualC DLL
c:\users\student\desktop\aie\gameengine\sprite.cpp:160 starting GLFW 3.0.4 Win32 WGL VisualC DLL
c:\users\student\desktop\aie\gameengine\sprite.cpp:160 starting GLFW 3.0.4 Win32 WGL VisualC DLL
c:\users\student\desktop\aie\gameengine\sprite.cpp:160 starting GLFW 3.0.4 Win32 WGL VisualC DLL
c:\users\student\desktop\aie\gameengine\sprite.cpp:160 starting GLFW 3.0.4 Win32 WGL VisualC DLL
c:\users\student\desktop\aie\gameengine\sprite.cpp:160 starting GLFW 3.0.4 Win32 WGL VisualC DLL
c:\users\student\desktop\aie\gameengine\sprite.cpp:160 starting GLFW 3.0.4 Win32 WGL VisualC DLL
c:\users\student\desktop\aie\gameengine\sprite.cpp:160 starting GLFW 3.0.4 Win32 WGL VisualC DLL
c:\users\student\desktop\aie\gameengine\sprite.cpp:160 starting GLFW 3.0.4 Win32 WGL VisualC DLL
c:\users\student\desktop\aie\gameengine\sprite.cpp:160 starting GLFW 3.0.4 Win32 WGL VisualC DLL
c:\users\student\desktop\aie\gameengine\sprite.cpp:160 starting GLFW 3.0.4 Win32 WGL VisualC DLL
c:\users\student\desktop\aie\gameengine\sprite.cpp:160 starting GLFW 3.0.4 Win32 WGL VisualC DLL
c:\users\student\desktop\aie\gameengine\sprite.cpp:160 starting GLFW 3.0.4 Win32 WGL VisualC DLL
c:\users\student\desktop\aie\gameengine\sprite.cpp:160 starting GLFW 3.0.4 Win32 WGL VisualC DLL
c:\users\student\desktop\aie\gameengine\sprite.cpp:160 starting GLFW 3.0.4 Win32 WGL VisualC DLL
c:\users\student\desktop\aie\gameengine\sprite.cpp:160 starting GLFW 3.0.4 Win32 WGL VisualC DLL
c:\users\student\desktop\aie\gameengine\sprite.cpp:160 starting GLFW 3.0.4 Win32 WGL VisualC DLL
c:\users\student\desktop\aie\gameengine\sprite.cpp:160 starting GLFW 3.0.4 Win32 WGL VisualC DLL
c:\users\student\desktop\aie\gameengine\sprite.cpp:160 starting GLFW 3.0.4 Win32 WGL VisualC DLL
c:\users\student\desktop\aie\gameengine\sprite.cpp:160 starting GLFW 3.0.4 Win32 WGL VisualC DLL
c:\users\student\desktop\aie\gameengine\sprite.cpp:160 starting GLFW 3.0.4 Win32 WGL VisualC DLL
c:\users\student\desktop\aie\gameengine\sprite.cpp:160 starting GLFW 3.0.4 Win32 WGL VisualC DLL
c:\users\student\desktop\aie\gameengine\sprite.cpp:160 starting GLFW 3.0.4 Win32 WGL VisualC DLL
c:\users\student\desktop\aie\gameengine\sprite.cpp:160 starting GLFW 3.0.4 Win32 WGL VisualC DLL
c:\users\student\desktop\aie\gameengine\sprite.cpp:160 starting GLFW 3.0.4 Win32 WGL VisualC DLL
c:\users\student\desktop\aie\gameengine\sprite.cpp:160 starting GLFW 3.0.4 Win32 WGL VisualC DLL
c:\users\student\desktop\aie\gameengine\sprite.cpp:160 starting GLFW 3.0.4 Win32 WGL VisualC DLL
c:\users\student\desktop\aie\gameengine\sprite.cpp:160 starting GLFW 3.0.4 Win32 WGL VisualC DLL
c:\users\student\desktop\aie\gameengine\sprite.cpp:160 starting GLFW 3.0.4 Win32 WGL VisualC DLL
c:\users\student\desktop\aie\gameengine\sprite.cpp:160 starting GLFW 3.0.4 Win32 WGL VisualC DLL
c:\users\student\desktop\aie\gameengine\sprite.cpp:160 starting GLFW 3.0.4 Win32 WGL VisualC DLL
c:\users\student\desktop\aie\gameengine\sprite.cpp:160 starting GLFW 3.0.4 Win32 WGL VisualC DLL
c:\users\student\desktop\aie\gameengine\sprite.cpp:160 starting GLFW 3.0.4 Win32 WGL VisualC DLL
c:\users\student\desktop\aie\gameengine\sprite.cpp:160 starting GLFW 3.0.4 Win32 WGL VisualC DLL
c:\users\student\desktop\aie\gameengine\sprite.cpp:160 starting GLFW 3.0.4 Win32 WGL VisualC DLL
c:\users\student\desktop\aie\gameengine\sprite.cpp:160 starting GLFW 3.0.4 Win32 WGL VisualC DLL
c:\users\student\desktop\aie\gameengine\sprite.cpp:160 starting GLFW 3.0.4 Win32 WGL VisualC DLL
c:\users\student\desktop\aie\gameengine\sprite.cpp:160 starting GLFW 3.0.4 Win32 WGL VisualC DLL
c:\users\student\desktop\aie\gameengine\sprite.cpp:160 starting GLFW 3.0.4 Win32 WGL VisualC DLL
c:\users\student\desktop\aie\gameengine\sprite.cpp:160 starting GLFW 3.0.4 Win32 WGL VisualC DLL
c:\users\student\desktop\aie\gameengine\sprite.cpp:160 starting GLFW 3.0.4 Win32 WGL VisualC DLL
c:\users\student\desktop\aie\gameengine\sprite.cpp:160 starting GLFW 3.0.4 Win32 WGL VisualC DLL
c:\users\student\desktop\aie\gameengine\sprite.cpp:160 starting GLFW 3.0.4 Win32 WGL VisualC DLL
c:\users\student\desktop\aie\gameengine\sprite.cpp:160 starting GLFW 3.0.4 Win32 WGL VisualC DLL
c:\users\student\desktop\aie\gameengine\sprite.cpp:160 starting GLFW 3.0.4 Win32 WGL VisualC DLL
c:\users\student\desktop\aie\gameengine\sprite.cpp:160 starting GLFW 3.0.4 Win32 WGL VisualC DLL
c:\users\student\desktop\aie\gameengine\sprite.cpp:160 starting GLFW 3.0.4 Win32 WGL VisualC DLL
c:\users\student\desktop\aie\gameengine\sprite.cpp:160 starting GLFW 3.0.4 Win32 WGL VisualC DLL
c:\users\student\desktop\aie\gameengine\sprite.cpp:160 starting GLFW 3.0.4 Win32 WGL VisualC DLL
c:\users\student\desktop\aie\gameengine\sprite.cpp:160 starting GLFW 3.0.4 Win32 WGL VisualC DLL
c:\users\student\desktop\aie\gameengine\sprite.cpp:160 starting GLFW 3.0.4 Win32 WGL VisualC DLL
c:\users\student\desktop\aie\gameengine\sprite.cpp:160 starting GLFW 3.0.4 Win32 WGL VisualC DLL
c:\users\student\desktop\aie\gameengine\sprite.cpp:160 starting GLFW 3.0.4 Win32 WGL VisualC DLL
c:\users\student\desktop\aie\gameengine\sprite.cpp:160 starting GLFW 3.0.4 Win32 WGL VisualC DLL
c:\users\student\desktop\aie\gameengine\sprite.cpp:160 starting GLFW 3.0.4 Win32 WGL VisualC DLL
c:\users\student\desktop\aie\gameengine\sprite.cpp:160 starting GLFW 3.0.4 Win32 WGL VisualC DLL
c:\users\student\desktop\aie\gameengine\sprite.cpp:160 starting GLFW 3.0.4 Win32 WGL VisualC DLL
c:\users\student\desktop\aie\gameengine\sprite.cpp:160 starting GLFW 3.0.4 Win32 WGL VisualC DLL
c:\users\student\desktop\aie\gameengine\sprite.cpp:160 starting GLFW 3.0.4 Win32 WGL VisualC DLL
c:\users\student\desktop\aie\gameengine\sprite.cpp:160 starting GLFW 3.0.4 Win32 WGL VisualC DLL
c:\users\student\desktop\aie\gameengine\sprite.cpp:160 starting GLFW 3.0.4 Win32 WGL VisualC DLL
c:\users\student\desktop\aie\gameengine\sprite.cpp:160 starting GLFW 3.0.4 Win32 WGL VisualC DLL
c:\users\student\desktop\aie\gameengine\sprite.cpp:160 starting GLFW 3.0.4 Win32 WGL VisualC DLL
c:\users\student\desktop\aie\gameengine\sprite.cpp:160 starting GLFW 3.0.4 Win32 WGL VisualC DLL
c:\users\student\desktop\aie\gameengine\sprite.cpp:160 starting GLFW 3.0.4 Win32 WGL VisualC DLL
c:\users\student\desktop\aie\gameengine\sprite.cpp:160 starting GLFW 3.0.4 Win32 WGL VisualC DLL
c:\users\student\desktop\aie\gameengine\sprite.cpp:160 starting GLFW 3.0.4 Win32 WGL VisualC DLL
c:\users\student\desktop\aie\gameengine\sprite.cpp:160 starting GLFW 3.0.4 Win32 WGL VisualC DLL
c:\users\student\desktop\aie\gameengine\sprite.cpp:160 starting GLFW 3.0.4 Win32 WGL VisualC DLL
c:\users\student\desktop\aie\gameengine\sprite.cpp:160 starting GLFW 3.0.4 Win32 WGL VisualC DLL
c:\users\student\desktop\aie\gameengine\sprite.cpp:160 starting GLFW 3.0.4 Win32 WGL VisualC DLL
c:\users\student\desktop\aie\gameengine\sprite.cpp:160 starting GLFW 3.0.4 Win32 WGL VisualC DLL
c:\users\student\desktop\aie\gameengine\sprite.cpp:160 starting GLFW 3.0.4 Win32 WGL VisualC DLL
c:\users\student\desktop\aie\gameengine\sprite.cpp:160 starting GLFW 3.0.4 Win32 WGL VisualC DLL
c:\users\student\desktop\aie\gameengine\sprite.cpp:160 starting GLFW 3.0.4 Win32 WGL VisualC DLL
c:\users\student\desktop\aie\gameengine\sprite.cpp:160 starting GLFW 3.0.4 Win32 WGL VisualC DLL
c:\users\student\desktop\aie\gameengine\sprite.cpp:160 starting GLFW 3.0.4 Win32 WGL VisualC DLL
c:\users\student\desktop\aie\gameengine\sprite.cpp:160 starting GLFW 3.0.4 Win32 WGL VisualC DLL
c:\users\student\desktop\aie\gameengine\sprite.cpp:160 starting GLFW 3.0.4 Win32 WGL VisualC DLL
c:\users\student\desktop\aie\gameengine\sprite.cpp:160 starting GLFW 3.0.4 Win32 WGL VisualC DLL
c:\users\student\desktop\aie\gameengine\sprite.cpp:160 starting GLFW 3.0.4 Win32 WGL VisualC DLL
c:\users\student\desktop\aie\gameengine\sprite.cpp:160 starting GLFW 3.0.4 Win32 WGL VisualC DLL
c:\users\student\desktop\aie\gameengine\sprite.cpp:160 starting GLFW 3.0.4 Win32 WGL VisualC DLL
c:\users\student\desktop\aie\gameengine\sprite.cpp:160 starting GLFW 3.0.4 Win32 WGL VisualC DLL
